<?xml version="1.0" encoding="UTF-8"?>
<!-- Generated by org.testng.reporters.JUnitReportReporter -->
<testsuite hostname="Rehaan-PC" name="com.watsapp.WatsappClass" tests="1" failures="0" timestamp="25 Aug 2015 17:40:30 GMT" time="75.205" errors="0">
  <testcase name="launchingWatsapp" time="75.205" classname="com.watsapp.WatsappClass"/>
</testsuite> <!-- com.watsapp.WatsappClass -->
