<?xml version="1.0" encoding="UTF-8"?>
<!-- Generated by org.testng.reporters.JUnitReportReporter -->
<testsuite hostname="Rehaan-PC" name="com.watsapp.WatsappClass" tests="1" failures="0" timestamp="25 Aug 2015 06:38:36 GMT" time="64.000" errors="0">
  <testcase name="launchingWatsapp" time="64.000" classname="com.watsapp.WatsappClass"/>
</testsuite> <!-- com.watsapp.WatsappClass -->
